RUN	computerdatabase.SSOSimulation		ssosimulation	1503681295495	 	2.0
USER	Users	1	START	1503681296707	1503681296707
REQUEST	Users	1		Authorize	1503681296734	1503681296912	OK	 
USER	Users	2	START	1503681297780	1503681297780
REQUEST	Users	2		Authorize	1503681297781	1503681297881	OK	 
GROUP	Failed to build request Generate: file ../../data/testbody.json doesn't exist 	1503681297979
USER	Users	3	START	1503681298780	1503681298780
REQUEST	Users	3		Authorize	1503681298781	1503681298871	OK	 
GROUP	Failed to build request Generate: file ../../data/testbody.json doesn't exist 	1503681298902
USER	Users	1	END	1503681296707	1503681298984
USER	Users	4	START	1503681299710	1503681299710
REQUEST	Users	4		Authorize	1503681299711	1503681299801	OK	 
GROUP	Failed to build request Generate: file ../../data/testbody.json doesn't exist 	1503681299891
USER	Users	2	END	1503681297780	1503681299911
USER	Users	5	START	1503681300710	1503681300710
GROUP	Failed to build request Generate: file ../../data/testbody.json doesn't exist 	1503681300820
USER	Users	3	END	1503681298780	1503681300891
REQUEST	Users	5		Authorize	1503681300711	1503681300912	OK	 
USER	Users	6	START	1503681301709	1503681301709
REQUEST	Users	6		Authorize	1503681301710	1503681301814	OK	 
USER	Users	4	END	1503681299710	1503681301831
GROUP	Failed to build request Generate: file ../../data/testbody.json doesn't exist 	1503681301931
USER	Users	7	START	1503681302710	1503681302710
REQUEST	Users	7		Authorize	1503681302711	1503681302829	OK	 
GROUP	Failed to build request Generate: file ../../data/testbody.json doesn't exist 	1503681302830
USER	Users	5	END	1503681300710	1503681302941
USER	Users	8	START	1503681303710	1503681303710
USER	Users	6	END	1503681301709	1503681303840
GROUP	Failed to build request Generate: file ../../data/testbody.json doesn't exist 	1503681303840
REQUEST	Users	8		Authorize	1503681303712	1503681303847	OK	 
USER	Users	9	START	1503681304710	1503681304710
REQUEST	Users	9		Authorize	1503681304711	1503681304819	OK	 
USER	Users	7	END	1503681302710	1503681304851
GROUP	Failed to build request Generate: file ../../data/testbody.json doesn't exist 	1503681304860
USER	Users	10	START	1503681305710	1503681305710
REQUEST	Users	10		Authorize	1503681305711	1503681305816	OK	 
GROUP	Failed to build request Generate: file ../../data/testbody.json doesn't exist 	1503681305841
USER	Users	8	END	1503681303710	1503681305871
GROUP	Failed to build request Generate: file ../../data/testbody.json doesn't exist 	1503681306831
USER	Users	9	END	1503681304710	1503681306841
USER	Users	10	END	1503681305710	1503681307840
