RUN	computerdatabase.SSOSimulation		ssosimulation	1503681423576	 	2.0
USER	Users	1	START	1503681424886	1503681424886
REQUEST	Users	1		Authorize	1503681424913	1503681425096	OK	 
USER	Users	2	START	1503681425954	1503681425954
REQUEST	Users	2		Authorize	1503681425955	1503681426087	OK	 
USER	Users	3	START	1503681426954	1503681426954
REQUEST	Users	3		Authorize	1503681426955	1503681427075	OK	 
USER	Users	4	START	1503681427894	1503681427894
REQUEST	Users	4		Authorize	1503681427895	1503681427977	OK	 
REQUEST	Users	1		Generate	1503681426287	1503681428853	OK	 
USER	Users	5	START	1503681428894	1503681428894
REQUEST	Users	5		Authorize	1503681428895	1503681428976	OK	 
REQUEST	Users	4		Generate	1503681428994	1503681429027	OK	 
USER	Users	1	END	1503681424886	1503681429851
REQUEST	Users	3		Generate	1503681428096	1503681429872	OK	 
REQUEST	Users	2		Generate	1503681427107	1503681429880	OK	 
USER	Users	6	START	1503681429894	1503681429894
REQUEST	Users	6		Authorize	1503681429894	1503681429983	OK	 
USER	Users	4	END	1503681427894	1503681430025
REQUEST	Users	5		Generate	1503681429995	1503681430032	OK	 
USER	Users	3	END	1503681426954	1503681430864
USER	Users	2	END	1503681425954	1503681430885
USER	Users	7	START	1503681430894	1503681430894
REQUEST	Users	7		Authorize	1503681430895	1503681430998	OK	 
USER	Users	5	END	1503681428894	1503681431034
REQUEST	Users	6		Generate	1503681431006	1503681431042	OK	 
USER	Users	8	START	1503681431894	1503681431894
REQUEST	Users	8		Authorize	1503681431895	1503681431984	OK	 
USER	Users	6	END	1503681429894	1503681432045
REQUEST	Users	7		Generate	1503681432015	1503681432160	OK	 
USER	Users	9	START	1503681432894	1503681432894
REQUEST	Users	9		Authorize	1503681432895	1503681432999	OK	 
REQUEST	Users	8		Generate	1503681433005	1503681433047	OK	 
USER	Users	7	END	1503681430894	1503681433165
USER	Users	10	START	1503681433894	1503681433894
REQUEST	Users	10		Authorize	1503681433895	1503681434006	OK	 
USER	Users	8	END	1503681431894	1503681434045
REQUEST	Users	9		Generate	1503681434015	1503681434126	OK	 
REQUEST	Users	10		Generate	1503681435026	1503681435060	OK	 
USER	Users	9	END	1503681432894	1503681435135
USER	Users	10	END	1503681433894	1503681436055
