RUN	computerdatabase.SSOSimulation		ssosimulation	1503680883936	 	2.0
USER	Users	1	START	1503680885112	1503680885112
USER	Users	2	START	1503680886179	1503680886179
USER	Users	3	START	1503680887179	1503680887179
USER	Users	4	START	1503680888120	1503680888120
REQUEST	Users	1		Authorize	1503680885140	1503680888168	OK	 
REQUEST	Users	2		Authorize	1503680886180	1503680888156	OK	 
REQUEST	Users	3		Authorize	1503680887179	1503680888178	OK	 
REQUEST	Users	4		Authorize	1503680888120	1503680888234	OK	 
USER	Users	5	START	1503680889119	1503680889119
GROUP	Failed to build request Generate: file testbody.json doesn't exist 	1503680889186
GROUP	Failed to build request Generate: file testbody.json doesn't exist 	1503680889190
GROUP	Failed to build request Generate: file testbody.json doesn't exist 	1503680889199
REQUEST	Users	5		Authorize	1503680889120	1503680889232	OK	 
GROUP	Failed to build request Generate: file testbody.json doesn't exist 	1503680889249
USER	Users	6	START	1503680890119	1503680890119
USER	Users	3	END	1503680887179	1503680890207
USER	Users	2	END	1503680886179	1503680890210
USER	Users	1	END	1503680885112	1503680890210
REQUEST	Users	6		Authorize	1503680890120	1503680890234	OK	 
GROUP	Failed to build request Generate: file testbody.json doesn't exist 	1503680890249
USER	Users	4	END	1503680888120	1503680890260
USER	Users	7	START	1503680891119	1503680891119
REQUEST	Users	7		Authorize	1503680891120	1503680891241	OK	 
GROUP	Failed to build request Generate: file testbody.json doesn't exist 	1503680891249
USER	Users	5	END	1503680889119	1503680891259
USER	Users	8	START	1503680892119	1503680892119
REQUEST	Users	8		Authorize	1503680892120	1503680892253	OK	 
USER	Users	6	END	1503680890119	1503680892260
GROUP	Failed to build request Generate: file testbody.json doesn't exist 	1503680892260
USER	Users	9	START	1503680893120	1503680893120
REQUEST	Users	9		Authorize	1503680893120	1503680893252	OK	 
USER	Users	7	END	1503680891119	1503680893270
GROUP	Failed to build request Generate: file testbody.json doesn't exist 	1503680893271
USER	Users	10	START	1503680894119	1503680894119
GROUP	Failed to build request Generate: file testbody.json doesn't exist 	1503680894270
REQUEST	Users	10		Authorize	1503680894120	1503680894272	OK	 
USER	Users	8	END	1503680892119	1503680894280
USER	Users	9	END	1503680893120	1503680895280
GROUP	Failed to build request Generate: file testbody.json doesn't exist 	1503680895290
USER	Users	10	END	1503680894119	1503680896301
